<?xml version="1.0" encoding="UTF-8"?>
<!-- Generated by org.testng.reporters.JUnitReportReporter -->
<testsuite hostname="LAPTOP-S917CSU6" failures="0" tests="2" name="TestNG.Groups" time="0.013" errors="0" timestamp="2022-07-15T21:01:27 IST" skipped="0">
  <testcase classname="TestNG.Groups" name="A" time="0.011"/>
  <system-out/>
  <testcase classname="TestNG.Groups" name="B" time="0.002"/>
  <system-out/>
</testsuite> <!-- TestNG.Groups -->
