<?xml version="1.0" encoding="UTF-8"?>
<!-- Generated by org.testng.reporters.JUnitReportReporter -->
<testsuite hostname="LAPTOP-S917CSU6" failures="0" tests="2" name="TestNG.TestMethodforDP" time="0.009" errors="0" timestamp="2022-07-15T19:51:49 IST" skipped="0">
  <testcase classname="TestNG.TestMethodforDP" name="myTest" time="0.007"/>
  <system-out/>
  <testcase classname="TestNG.TestMethodforDP" name="myTest" time="0.002"/>
  <system-out/>
</testsuite> <!-- TestNG.TestMethodforDP -->
