<?xml version="1.0" encoding="UTF-8"?>
<!-- Generated by org.testng.reporters.JUnitReportReporter -->
<testsuite hostname="LAPTOP-S917CSU6" failures="0" tests="2" name="TestNG.DataProviderClass" time="0.010" errors="0" timestamp="2022-07-15T19:31:54 IST" skipped="0">
  <testcase classname="TestNG.DataProviderClass" name="myTest" time="0.008"/>
  <system-out/>
  <testcase classname="TestNG.DataProviderClass" name="myTest" time="0.002"/>
  <system-out/>
</testsuite> <!-- TestNG.DataProviderClass -->
