<?xml version="1.0" encoding="UTF-8"?>
<!-- Generated by org.testng.reporters.JUnitReportReporter -->
<testsuite hostname="LAPTOP-S917CSU6" failures="0" tests="8" name="TestNG.priority" time="0.020" errors="0" timestamp="2022-07-15T19:20:53 IST" skipped="0">
  <testcase classname="TestNG.priority" name="B" time="0.001"/>
  <system-out/>
  <testcase classname="TestNG.priority" name="G" time="0.001"/>
  <system-out/>
  <testcase classname="TestNG.priority" name="A" time="0.010"/>
  <system-out/>
  <testcase classname="TestNG.priority" name="C" time="0.002"/>
  <system-out/>
  <testcase classname="TestNG.priority" name="D" time="0.002"/>
  <system-out/>
  <testcase classname="TestNG.priority" name="H" time="0.002"/>
  <system-out/>
  <testcase classname="TestNG.priority" name="F" time="0.001"/>
  <system-out/>
  <testcase classname="TestNG.priority" name="E" time="0.001"/>
  <system-out/>
</testsuite> <!-- TestNG.priority -->
