<?xml version="1.0" encoding="UTF-8"?>
<!-- Generated by org.testng.reporters.JUnitReportReporter -->
<testsuite hostname="LAPTOP-S917CSU6" failures="0" tests="1" name="TestNG.annotations" time="0.014" errors="0" timestamp="2022-07-14T20:40:19 IST" skipped="0">
  <testcase classname="TestNG.annotations" name="test" time="0.014"/>
  <system-out/>
</testsuite> <!-- TestNG.annotations -->
