<?xml version="1.0" encoding="UTF-8"?>
<!-- Generated by org.testng.reporters.JUnitReportReporter -->
<testsuite hostname="SJ" failures="0" tests="2" name="TestNG.TestngFeatures" time="0.017" errors="0" timestamp="2023-12-11T13:46:46 IST" skipped="0">
  <testcase classname="TestNG.TestngFeatures" name="Test1" time="0.015"/>
  <testcase classname="TestNG.TestngFeatures" name="Test2" time="0.002"/>
</testsuite> <!-- TestNG.TestngFeatures -->
