<?xml version="1.0" encoding="UTF-8"?>
<!-- Generated by org.testng.reporters.JUnitReportReporter -->
<testsuite hostname="SJ" failures="0" tests="3" name="BactchTesting.SignupTest" time="0.006" errors="0" timestamp="2023-10-10T13:03:02 IST" skipped="0">
  <testcase classname="BactchTesting.SignupTest" name="SignupByEmail" time="0.002"/>
  <testcase classname="BactchTesting.SignupTest" name="SignupByFB" time="0.002"/>
  <testcase classname="BactchTesting.SignupTest" name="SignupByTwitter" time="0.002"/>
</testsuite> <!-- BactchTesting.SignupTest -->
