<?xml version="1.0" encoding="UTF-8"?>
<!-- Generated by org.testng.reporters.JUnitReportReporter -->
<testsuite hostname="SJ" failures="0" tests="2" name="ParallelTesting.ParallelTest1" time="11.518" errors="0" timestamp="2023-10-10T16:46:03 IST" skipped="0">
  <testcase classname="ParallelTesting.ParallelTest1" name="OpenFB" time="6.347"/>
  <testcase classname="ParallelTesting.ParallelTest1" name="OpenGoogle" time="5.171"/>
</testsuite> <!-- ParallelTesting.ParallelTest1 -->
