<?xml version="1.0" encoding="UTF-8"?>
<!-- Generated by org.testng.reporters.JUnitReportReporter -->
<testsuite hostname="SJ" failures="0" tests="1" name="BactchTesting.PaymentReturns" time="0.003" errors="0" timestamp="2023-10-10T13:03:02 IST" skipped="0">
  <testcase classname="BactchTesting.PaymentReturns" name="PaymentreturnswithBank" time="0.003"/>
</testsuite> <!-- BactchTesting.PaymentReturns -->
