<?xml version="1.0" encoding="UTF-8"?>
<!-- Generated by org.testng.reporters.JUnitReportReporter -->
<testsuite hostname="SJ" failures="0" tests="1" name="TestNG.ExceptionTimeout" time="0.013" errors="0" timestamp="2023-12-11T15:43:52 IST" skipped="0">
  <testcase classname="TestNG.ExceptionTimeout" name="Test1" time="0.013"/>
</testsuite> <!-- TestNG.ExceptionTimeout -->
