<?xml version="1.0" encoding="UTF-8"?>
<!-- Generated by org.testng.reporters.JUnitReportReporter -->
<testsuite hostname="SJ" failures="0" tests="1" name="Assertions.Test1" time="0.011" errors="0" timestamp="2023-10-09T16:26:22 IST" skipped="0">
  <testcase classname="Assertions.Test1" name="demotest" time="0.011"/>
</testsuite> <!-- Assertions.Test1 -->
