<?xml version="1.0" encoding="UTF-8"?>
<!-- Generated by org.testng.reporters.JUnitReportReporter -->
<testsuite hostname="SJ" failures="0" tests="2" name="BactchTesting.PaymentTest" time="0.004" errors="0" timestamp="2023-10-10T13:03:02 IST" skipped="0">
  <testcase classname="BactchTesting.PaymentTest" name="paymentwithRS" time="0.001"/>
  <testcase classname="BactchTesting.PaymentTest" name="paymentwithDollars" time="0.003"/>
</testsuite> <!-- BactchTesting.PaymentTest -->
