<?xml version="1.0" encoding="UTF-8"?>
<!-- Generated by org.testng.reporters.JUnitReportReporter -->
<testsuite hostname="SJ" failures="0" tests="10" name="TestNG.InvocationCountTest" time="0.030" errors="0" timestamp="2023-12-11T14:09:14 IST" skipped="0">
  <testcase classname="TestNG.InvocationCountTest" name="sum" time="0.002"/>
  <testcase classname="TestNG.InvocationCountTest" name="sum" time="0.002"/>
  <testcase classname="TestNG.InvocationCountTest" name="sum" time="0.002"/>
  <testcase classname="TestNG.InvocationCountTest" name="sum" time="0.001"/>
  <testcase classname="TestNG.InvocationCountTest" name="sum" time="0.002"/>
  <testcase classname="TestNG.InvocationCountTest" name="sum" time="0.001"/>
  <testcase classname="TestNG.InvocationCountTest" name="sum" time="0.003"/>
  <testcase classname="TestNG.InvocationCountTest" name="sum" time="0.001"/>
  <testcase classname="TestNG.InvocationCountTest" name="sum" time="0.001"/>
  <testcase classname="TestNG.InvocationCountTest" name="sum" time="0.015"/>
</testsuite> <!-- TestNG.InvocationCountTest -->
