<?xml version="1.0" encoding="UTF-8"?>
<!-- Generated by org.testng.reporters.JUnitReportReporter -->
<testsuite hostname="SJ" failures="0" tests="3" name="BactchTesting.LoginTest" time="0.018" errors="0" timestamp="2023-10-10T13:03:02 IST" skipped="0">
  <testcase classname="BactchTesting.LoginTest" name="LoginByTwitter" time="0.001"/>
  <testcase classname="BactchTesting.LoginTest" name="LoginByEmail" time="0.016"/>
  <testcase classname="BactchTesting.LoginTest" name="LoginByFB" time="0.001"/>
</testsuite> <!-- BactchTesting.LoginTest -->
