<?xml version="1.0" encoding="UTF-8"?>
<!-- Generated by org.testng.reporters.JUnitReportReporter -->
<testsuite hostname="SJ" failures="0" tests="2" name="TestNG.TestNGBasics" time="0.013" errors="0" timestamp="2023-12-06T13:22:01 IST" skipped="0">
  <testcase classname="TestNG.TestNGBasics" name="searchText" time="0.003"/>
  <testcase classname="TestNG.TestNGBasics" name="googleLogoText" time="0.010"/>
</testsuite> <!-- TestNG.TestNGBasics -->
