<?xml version="1.0" encoding="UTF-8"?>
<!-- Generated by org.testng.reporters.JUnitReportReporter -->
<testsuite hostname="SJ" failures="0" tests="2" name="ParallelTesting.ParallelTest" time="8.978" errors="0" timestamp="2023-10-10T16:52:18 IST" skipped="0">
  <testcase classname="ParallelTesting.ParallelTest" name="OpenFB" time="3.580"/>
  <testcase classname="ParallelTesting.ParallelTest" name="OpenGoogle" time="5.398"/>
</testsuite> <!-- ParallelTesting.ParallelTest -->
